<?xml version="1.0" encoding="UTF-8"?>
<testsuite xmlns:xsi="http://www.w3.org/2001/XMLSchema-instance" xsi:noNamespaceSchemaLocation="https://maven.apache.org/surefire/maven-surefire-plugin/xsd/surefire-test-report.xsd" version="3.0.2" name="com.fintech.payments.PaymentsPaymentcoreServiceApplicationTests" time="7.339" tests="1" errors="0" skipped="0" failures="0">
  <properties>
[...]
</properties>
  <testcase name="contextLoads" classname="com.fintech.payments.PaymentsPaymentcoreServiceApplicationTests" time="1.463">
    <system-out><![CDATA[01:47:56.222 [main] INFO org.springframework.test.context.support.AnnotationConfigContextLoaderUtils -- Could not detect default configuration classes for test class [com.fintech.payments.PaymentsPaymentcoreServiceApplicationTests]: PaymentsPaymentcoreServiceApplicationTests does not declare any static, non-private, non-final, nested classes annotated with @Configuration.
01:47:56.488 [main] INFO org.springframework.boot.test.context.SpringBootTestContextBootstrapper -- Found @SpringBootConfiguration com.fintech.payments.PaymentsPaymentcoreServiceApplication for test class com.fintech.payments.PaymentsPaymentcoreServiceApplicationTests

  .   ____          _            __ _ _
 /\\ / ___'_ __ _ _(_)_ __  __ _ \ \ \ \
( ( )\___ | '_ | '_| | '_ \/ _` | \ \ \ \
 \\/  ___)| |_)| | | | | || (_| |  ) ) ) )
  '  |____| .__|_| |_|_| |_\__, | / / / /
 =========|_|==============|___/=/_/_/_/

 :: Spring Boot ::               (v3.4.11)

2025-11-09T01:47:57.678+05:30  INFO 19912 --- [payments_paymentcore_service] [           main] ymentsPaymentcoreServiceApplicationTests : Starting PaymentsPaymentcoreServiceApplicationTests using Java 23.0.2 with PID 19912 (started by Suresh in D:\javapracitce\cards_covered_card_service)
2025-11-09T01:47:57.681+05:30  INFO 19912 --- [payments_paymentcore_service] [           main] ymentsPaymentcoreServiceApplicationTests : No active profile set, falling back to 1 default profile: "default"
2025-11-09T01:48:01.300+05:30  INFO 19912 --- [payments_paymentcore_service] [           main] o.s.b.a.e.web.EndpointLinksResolver      : Exposing 1 endpoint beneath base path '/actuator'
2025-11-09T01:48:01.401+05:30  INFO 19912 --- [payments_paymentcore_service] [           main] ymentsPaymentcoreServiceApplicationTests : Started PaymentsPaymentcoreServiceApplicationTests in 4.521 seconds (process running for 7.561)
]]></system-out>
    <system-err><![CDATA[Mockito is currently self-attaching to enable the inline-mock-maker. This will no longer work in future releases of the JDK. Please add Mockito as an agent to your build what is described in Mockito's documentation: https://javadoc.io/doc/org.mockito/mockito-core/latest/org/mockito/Mockito.html#0.3
WARNING: A Java agent has been loaded dynamically (C:\Users\Suresh\.m2\repository\net\bytebuddy\byte-buddy-agent\1.15.11\byte-buddy-agent-1.15.11.jar)
WARNING: If a serviceability tool is in use, please run with -XX:+EnableDynamicAgentLoading to hide this warning
WARNING: If a serviceability tool is not in use, please run with -Djdk.instrument.traceUsage for more information
WARNING: Dynamic loading of agents will be disallowed by default in a future release
]]></system-err>
  </testcase>
</testsuite>